Started GET "/" for 127.0.0.1 at 2025-01-05 23:04:16 +0200
  [1m[35m (2.4ms)[0m  [1m[35mCREATE TABLE "schema_migrations" ("version" varchar NOT NULL PRIMARY KEY) /*application='TwitterClone'*/[0m
  [1m[35m (0.1ms)[0m  [1m[35mCREATE TABLE "ar_internal_metadata" ("key" varchar NOT NULL PRIMARY KEY, "value" varchar, "created_at" datetime(6) NOT NULL, "updated_at" datetime(6) NOT NULL) /*application='TwitterClone'*/[0m
  [1m[36mActiveRecord::SchemaMigration Load (0.1ms)[0m  [1m[34mSELECT "schema_migrations"."version" FROM "schema_migrations" ORDER BY "schema_migrations"."version" ASC /*application='TwitterClone'*/[0m
Processing by Rails::WelcomeController#index as HTML
  Rendering /home/dodo/.rbenv/versions/3.2.3/lib/ruby/gems/3.2.0/gems/railties-8.0.1/lib/rails/templates/rails/welcome/index.html.erb
  Rendered /home/dodo/.rbenv/versions/3.2.3/lib/ruby/gems/3.2.0/gems/railties-8.0.1/lib/rails/templates/rails/welcome/index.html.erb (Duration: 1.0ms | GC: 0.0ms)
Completed 200 OK in 41ms (Views: 5.3ms | ActiveRecord: 0.0ms (0 queries, 0 cached) | GC: 0.0ms)


  [1m[36mActiveRecord::SchemaMigration Load (1.4ms)[0m  [1m[34mSELECT "schema_migrations"."version" FROM "schema_migrations" ORDER BY "schema_migrations"."version" ASC /*application='TwitterClone'*/[0m
Started GET "/index" for 127.0.0.1 at 2025-01-05 23:17:57 +0200
  [1m[36mActiveRecord::SchemaMigration Load (0.1ms)[0m  [1m[34mSELECT "schema_migrations"."version" FROM "schema_migrations" ORDER BY "schema_migrations"."version" ASC /*application='TwitterClone'*/[0m
  
ActiveRecord::PendingMigrationError (

Migrations are pending. To resolve this issue, run:

        bin/rails db:migrate

You have 1 pending migration:

db/migrate/20250105210532_create_tweets.rb


):
  
activerecord (8.0.1) lib/active_record/migration.rb:743:in `check_pending_migrations'
activerecord (8.0.1) lib/active_record/migration.rb:660:in `block (2 levels) in call'
activesupport (8.0.1) lib/active_support/file_update_checker.rb:85:in `execute'
activesupport (8.0.1) lib/active_support/file_update_checker.rb:95:in `execute_if_updated'
activerecord (8.0.1) lib/active_record/migration.rb:667:in `block in call'
activerecord (8.0.1) lib/active_record/migration.rb:657:in `synchronize'
activerecord (8.0.1) lib/active_record/migration.rb:657:in `call'
actionpack (8.0.1) lib/action_dispatch/middleware/callbacks.rb:31:in `block in call'
activesupport (8.0.1) lib/active_support/callbacks.rb:100:in `run_callbacks'
actionpack (8.0.1) lib/action_dispatch/middleware/callbacks.rb:30:in `call'
actionpack (8.0.1) lib/action_dispatch/middleware/executor.rb:16:in `call'
actionpack (8.0.1) lib/action_dispatch/middleware/actionable_exceptions.rb:18:in `call'
actionpack (8.0.1) lib/action_dispatch/middleware/debug_exceptions.rb:31:in `call'
web-console (4.2.1) lib/web_console/middleware.rb:132:in `call_app'
web-console (4.2.1) lib/web_console/middleware.rb:28:in `block in call'
web-console (4.2.1) lib/web_console/middleware.rb:17:in `catch'
web-console (4.2.1) lib/web_console/middleware.rb:17:in `call'
actionpack (8.0.1) lib/action_dispatch/middleware/show_exceptions.rb:32:in `call'
railties (8.0.1) lib/rails/rack/logger.rb:41:in `call_app'
railties (8.0.1) lib/rails/rack/logger.rb:29:in `call'
actionpack (8.0.1) lib/action_dispatch/middleware/remote_ip.rb:96:in `call'
actionpack (8.0.1) lib/action_dispatch/middleware/request_id.rb:34:in `call'
rack (3.1.8) lib/rack/method_override.rb:28:in `call'
rack (3.1.8) lib/rack/runtime.rb:24:in `call'
actionpack (8.0.1) lib/action_dispatch/middleware/server_timing.rb:61:in `block in call'
actionpack (8.0.1) lib/action_dispatch/middleware/server_timing.rb:26:in `collect_events'
actionpack (8.0.1) lib/action_dispatch/middleware/server_timing.rb:60:in `call'
actionpack (8.0.1) lib/action_dispatch/middleware/executor.rb:16:in `call'
actionpack (8.0.1) lib/action_dispatch/middleware/static.rb:27:in `call'
rack (3.1.8) lib/rack/sendfile.rb:114:in `call'
actionpack (8.0.1) lib/action_dispatch/middleware/host_authorization.rb:143:in `call'
railties (8.0.1) lib/rails/engine.rb:535:in `call'
puma (6.5.0) lib/puma/configuration.rb:279:in `call'
puma (6.5.0) lib/puma/request.rb:99:in `block in handle_request'
puma (6.5.0) lib/puma/thread_pool.rb:389:in `with_force_shutdown'
puma (6.5.0) lib/puma/request.rb:98:in `handle_request'
puma (6.5.0) lib/puma/server.rb:468:in `process_client'
puma (6.5.0) lib/puma/server.rb:249:in `block in run'
puma (6.5.0) lib/puma/thread_pool.rb:166:in `block in spawn_thread'
Started GET "/favicon.ico" for 127.0.0.1 at 2025-01-05 23:17:58 +0200
  [1m[36mActiveRecord::SchemaMigration Load (0.1ms)[0m  [1m[34mSELECT "schema_migrations"."version" FROM "schema_migrations" ORDER BY "schema_migrations"."version" ASC /*application='TwitterClone'*/[0m
  
ActiveRecord::PendingMigrationError (

Migrations are pending. To resolve this issue, run:

        bin/rails db:migrate

You have 1 pending migration:

db/migrate/20250105210532_create_tweets.rb


):
  
activerecord (8.0.1) lib/active_record/migration.rb:743:in `check_pending_migrations'
activerecord (8.0.1) lib/active_record/migration.rb:660:in `block (2 levels) in call'
activesupport (8.0.1) lib/active_support/file_update_checker.rb:85:in `execute'
activerecord (8.0.1) lib/active_record/migration.rb:665:in `block in call'
activerecord (8.0.1) lib/active_record/migration.rb:657:in `synchronize'
activerecord (8.0.1) lib/active_record/migration.rb:657:in `call'
actionpack (8.0.1) lib/action_dispatch/middleware/callbacks.rb:31:in `block in call'
activesupport (8.0.1) lib/active_support/callbacks.rb:100:in `run_callbacks'
actionpack (8.0.1) lib/action_dispatch/middleware/callbacks.rb:30:in `call'
actionpack (8.0.1) lib/action_dispatch/middleware/executor.rb:16:in `call'
actionpack (8.0.1) lib/action_dispatch/middleware/actionable_exceptions.rb:18:in `call'
actionpack (8.0.1) lib/action_dispatch/middleware/debug_exceptions.rb:31:in `call'
web-console (4.2.1) lib/web_console/middleware.rb:132:in `call_app'
web-console (4.2.1) lib/web_console/middleware.rb:28:in `block in call'
web-console (4.2.1) lib/web_console/middleware.rb:17:in `catch'
web-console (4.2.1) lib/web_console/middleware.rb:17:in `call'
actionpack (8.0.1) lib/action_dispatch/middleware/show_exceptions.rb:32:in `call'
railties (8.0.1) lib/rails/rack/logger.rb:41:in `call_app'
railties (8.0.1) lib/rails/rack/logger.rb:29:in `call'
actionpack (8.0.1) lib/action_dispatch/middleware/remote_ip.rb:96:in `call'
actionpack (8.0.1) lib/action_dispatch/middleware/request_id.rb:34:in `call'
rack (3.1.8) lib/rack/method_override.rb:28:in `call'
rack (3.1.8) lib/rack/runtime.rb:24:in `call'
actionpack (8.0.1) lib/action_dispatch/middleware/server_timing.rb:61:in `block in call'
actionpack (8.0.1) lib/action_dispatch/middleware/server_timing.rb:26:in `collect_events'
actionpack (8.0.1) lib/action_dispatch/middleware/server_timing.rb:60:in `call'
actionpack (8.0.1) lib/action_dispatch/middleware/executor.rb:16:in `call'
actionpack (8.0.1) lib/action_dispatch/middleware/static.rb:27:in `call'
rack (3.1.8) lib/rack/sendfile.rb:114:in `call'
actionpack (8.0.1) lib/action_dispatch/middleware/host_authorization.rb:143:in `call'
railties (8.0.1) lib/rails/engine.rb:535:in `call'
puma (6.5.0) lib/puma/configuration.rb:279:in `call'
puma (6.5.0) lib/puma/request.rb:99:in `block in handle_request'
puma (6.5.0) lib/puma/thread_pool.rb:389:in `with_force_shutdown'
puma (6.5.0) lib/puma/request.rb:98:in `handle_request'
puma (6.5.0) lib/puma/server.rb:468:in `process_client'
puma (6.5.0) lib/puma/server.rb:249:in `block in run'
puma (6.5.0) lib/puma/thread_pool.rb:166:in `block in spawn_thread'
  [1m[36mActiveRecord::InternalMetadata Load (0.2ms)[0m  [1m[34mSELECT * FROM "ar_internal_metadata" WHERE "ar_internal_metadata"."key" = 'environment' ORDER BY "ar_internal_metadata"."key" ASC LIMIT 1 /*application='TwitterClone'*/[0m
  [1m[36mActiveRecord::InternalMetadata Create (2.7ms)[0m  [1m[32mINSERT INTO "ar_internal_metadata" ("key", "value", "created_at", "updated_at") VALUES ('environment', 'development', '2025-01-05 21:18:10.264106', '2025-01-05 21:18:10.264112') RETURNING "key" /*application='TwitterClone'*/[0m
  [1m[36mActiveRecord::SchemaMigration Load (0.1ms)[0m  [1m[34mSELECT "schema_migrations"."version" FROM "schema_migrations" ORDER BY "schema_migrations"."version" ASC /*application='TwitterClone'*/[0m
Migrating to CreateTweets (20250105210532)
  [1m[36mTRANSACTION (0.1ms)[0m  [1m[35mBEGIN immediate TRANSACTION /*application='TwitterClone'*/[0m
  [1m[35m (2.0ms)[0m  [1m[35mCREATE TABLE "tweets" ("id" integer PRIMARY KEY AUTOINCREMENT NOT NULL, "post" text, "created_at" datetime(6) NOT NULL, "updated_at" datetime(6) NOT NULL) /*application='TwitterClone'*/[0m
  [1m[36mActiveRecord::SchemaMigration Create (0.2ms)[0m  [1m[32mINSERT INTO "schema_migrations" ("version") VALUES ('20250105210532') RETURNING "version" /*application='TwitterClone'*/[0m
  [1m[36mTRANSACTION (0.1ms)[0m  [1m[35mCOMMIT TRANSACTION /*application='TwitterClone'*/[0m
  [1m[36mActiveRecord::SchemaMigration Load (0.1ms)[0m  [1m[34mSELECT "schema_migrations"."version" FROM "schema_migrations" ORDER BY "schema_migrations"."version" ASC /*application='TwitterClone'*/[0m
Started GET "/index" for 127.0.0.1 at 2025-01-05 23:18:12 +0200
  [1m[36mActiveRecord::SchemaMigration Load (0.1ms)[0m  [1m[34mSELECT "schema_migrations"."version" FROM "schema_migrations" ORDER BY "schema_migrations"."version" ASC /*application='TwitterClone'*/[0m
  
ActionController::RoutingError (No route matches [GET] "/index"):
  
Started GET "/favicon.ico" for 127.0.0.1 at 2025-01-05 23:18:12 +0200
  
ActionController::RoutingError (No route matches [GET] "/favicon.ico"):
  
Started GET "/index" for 127.0.0.1 at 2025-01-05 23:18:13 +0200
  
ActionController::RoutingError (No route matches [GET] "/index"):
  
Started GET "/tweets_path" for 127.0.0.1 at 2025-01-05 23:18:26 +0200
  
ActionController::RoutingError (No route matches [GET] "/tweets_path"):
  
Started GET "/tweets" for 127.0.0.1 at 2025-01-05 23:18:47 +0200
Processing by TweetsController#index as HTML
  Rendering layout layouts/application.html.erb
  Rendering tweets/index.html.erb within layouts/application
  [1m[36mTweet Load (1.0ms)[0m  [1m[34mSELECT "tweets".* FROM "tweets" /*action='index',application='TwitterClone',controller='tweets'*/[0m
  ↳ app/views/tweets/index.html.erb:14
  Rendered tweets/index.html.erb within layouts/application (Duration: 3.7ms | GC: 0.6ms)
  Rendered layout layouts/application.html.erb (Duration: 19.3ms | GC: 1.5ms)
Completed 200 OK in 64ms (Views: 19.3ms | ActiveRecord: 1.1ms (1 query, 0 cached) | GC: 5.6ms)


Started GET "/assets/tailwind-4e9e416f.css" for 127.0.0.1 at 2025-01-05 23:18:47 +0200
Started GET "/assets/inter-font-1d90a608.css" for 127.0.0.1 at 2025-01-05 23:18:47 +0200
Started GET "/assets/application.tailwind-46ffc28d.css" for 127.0.0.1 at 2025-01-05 23:18:47 +0200
Started GET "/assets/Inter-roman.latin.var-cfeef184.woff2" for 127.0.0.1 at 2025-01-05 23:18:47 +0200
Started GET "/tweets/new" for 127.0.0.1 at 2025-01-05 23:18:49 +0200
Processing by TweetsController#new as HTML
  Rendering layout layouts/application.html.erb
  Rendering tweets/new.html.erb within layouts/application
  Rendered tweets/_form.html.erb (Duration: 9.8ms | GC: 0.2ms)
  Rendered tweets/new.html.erb within layouts/application (Duration: 11.0ms | GC: 0.4ms)
  Rendered layout layouts/application.html.erb (Duration: 12.0ms | GC: 0.4ms)
Completed 200 OK in 62ms (Views: 12.7ms | ActiveRecord: 0.7ms (0 queries, 0 cached) | GC: 0.9ms)


Started GET "/tweets" for 127.0.0.1 at 2025-01-05 23:18:54 +0200
Processing by TweetsController#index as HTML
  Rendering layout layouts/application.html.erb
  Rendering tweets/index.html.erb within layouts/application
  [1m[36mTweet Load (0.2ms)[0m  [1m[34mSELECT "tweets".* FROM "tweets" /*action='index',application='TwitterClone',controller='tweets'*/[0m
  ↳ app/views/tweets/index.html.erb:14
  Rendered tweets/index.html.erb within layouts/application (Duration: 7.8ms | GC: 6.1ms)
  Rendered layout layouts/application.html.erb (Duration: 10.2ms | GC: 7.5ms)
Completed 200 OK in 30ms (Views: 10.5ms | ActiveRecord: 0.1ms (1 query, 0 cached) | GC: 9.5ms)


